TN:
SF:drizzle.config.ts
FN:1,(empty-report)
FNF:1
FNH:0
FNDA:0,(empty-report)
DA:1,0
DA:3,0
DA:4,0
DA:5,0
DA:7,0
DA:8,0
DA:9,0
DA:10,0
DA:11,0
DA:12,0
DA:13,0
DA:14,0
LF:12
LH:0
BRDA:1,0,0,0
BRF:1
BRH:0
end_of_record
TN:
SF:vitest.config.ts
FN:1,(empty-report)
FNF:1
FNH:0
FNDA:0,(empty-report)
DA:1,0
DA:3,0
DA:4,0
DA:5,0
DA:6,0
DA:7,0
DA:8,0
DA:9,0
DA:10,0
DA:11,0
DA:12,0
DA:13,0
DA:14,0
DA:15,0
LF:14
LH:0
BRDA:1,0,0,0
BRF:1
BRH:0
end_of_record
TN:
SF:src\app.ts
FNF:0
FNH:0
DA:1,1
DA:12,1
DA:13,1
DA:14,1
DA:15,1
DA:16,1
DA:17,1
DA:18,1
DA:19,1
DA:20,1
DA:21,1
DA:22,1
DA:24,1
DA:25,0
DA:26,0
DA:27,0
DA:28,0
DA:29,0
DA:30,0
DA:31,0
DA:32,0
DA:33,0
DA:35,0
DA:36,0
DA:37,0
DA:38,0
DA:40,1
DA:41,1
DA:43,1
DA:44,1
DA:45,1
DA:46,1
DA:47,1
LF:33
LH:20
BRDA:24,0,0,0
BRF:1
BRH:0
end_of_record
TN:
SF:src\server.ts
FN:1,(empty-report)
FNF:1
FNH:0
FNDA:0,(empty-report)
DA:1,0
DA:3,0
DA:4,0
DA:5,0
LF:4
LH:0
BRDA:1,0,0,0
BRF:1
BRH:0
end_of_record
TN:
SF:src\@types\fastify.d.ts
FN:1,(empty-report)
FNF:1
FNH:1
FNDA:1,(empty-report)
LF:0
LH:0
BRDA:1,0,0,1
BRF:1
BRH:1
end_of_record
TN:
SF:src\database\client.ts
FNF:0
FNH:0
DA:1,1
DA:3,1
DA:4,1
DA:5,1
LF:4
LH:4
BRF:0
BRH:0
end_of_record
TN:
SF:src\database\schema.ts
FNF:0
FNH:0
DA:1,1
DA:5,1
DA:6,1
DA:7,1
DA:8,1
DA:10,1
DA:11,1
DA:12,1
DA:13,1
DA:14,1
DA:15,1
DA:16,1
DA:18,1
DA:19,1
DA:20,1
DA:21,1
DA:22,1
DA:24,1
DA:25,1
DA:26,1
DA:27,1
DA:28,1
DA:29,1
DA:30,0
DA:31,0
LF:25
LH:23
BRF:0
BRH:0
end_of_record
TN:
SF:src\routes\create-course.ts
FN:8,createCourseRoute
FNF:1
FNH:1
FNDA:5,createCourseRoute
DA:1,1
DA:8,1
DA:9,5
DA:10,5
DA:11,5
DA:12,5
DA:13,5
DA:14,5
DA:15,5
DA:16,5
DA:17,5
DA:18,5
DA:19,5
DA:20,5
DA:21,5
DA:22,5
DA:23,5
DA:24,5
DA:25,1
DA:27,1
DA:28,1
DA:29,1
DA:30,1
DA:32,1
DA:33,5
DA:34,5
LF:26
LH:26
BRDA:8,0,0,5
BRDA:24,1,0,1
BRF:2
BRH:2
end_of_record
TN:
SF:src\routes\delete-course.ts
FN:7,deleteCourseByIdRoute
FNF:1
FNH:1
FNDA:5,deleteCourseByIdRoute
DA:1,1
DA:7,1
DA:8,5
DA:9,5
DA:10,5
DA:11,5
DA:12,5
DA:13,5
DA:14,5
DA:15,5
DA:16,5
DA:17,5
DA:18,5
DA:19,5
DA:20,5
DA:21,5
DA:22,5
DA:23,5
DA:24,5
DA:25,5
DA:26,5
DA:27,2
DA:28,2
DA:30,2
DA:32,2
DA:33,1
DA:34,1
DA:36,1
DA:37,5
DA:38,5
LF:30
LH:30
BRDA:7,0,0,5
BRDA:26,1,0,2
BRDA:32,2,0,1
BRF:3
BRH:3
end_of_record
TN:
SF:src\routes\get-course-by-id.ts
FN:9,getCourseByIdRoute
FNF:1
FNH:1
FNDA:5,getCourseByIdRoute
DA:1,1
DA:9,1
DA:10,5
DA:11,5
DA:12,5
DA:13,5
DA:14,5
DA:15,5
DA:16,5
DA:17,5
DA:18,5
DA:19,5
DA:20,5
DA:21,5
DA:22,5
DA:23,5
DA:24,5
DA:25,5
DA:26,5
DA:27,5
DA:28,5
DA:29,5
DA:30,5
DA:31,5
DA:32,2
DA:34,2
DA:36,2
DA:38,2
DA:39,1
DA:40,1
DA:42,1
DA:43,5
DA:44,5
LF:33
LH:33
BRDA:9,0,0,5
BRDA:31,1,0,2
BRDA:38,2,0,1
BRF:3
BRH:3
end_of_record
TN:
SF:src\routes\get-courses.ts
FN:10,getCoursesRoute
FNF:1
FNH:1
FNDA:5,getCoursesRoute
DA:1,1
DA:10,1
DA:11,5
DA:12,5
DA:13,5
DA:14,5
DA:15,5
DA:16,5
DA:17,5
DA:18,5
DA:19,5
DA:20,5
DA:21,5
DA:22,5
DA:23,5
DA:24,5
DA:25,5
DA:26,5
DA:27,5
DA:28,5
DA:29,5
DA:30,5
DA:31,5
DA:32,5
DA:33,5
DA:34,5
DA:35,5
DA:36,1
DA:38,1
DA:40,1
DA:41,1
DA:42,1
DA:44,1
DA:45,1
DA:46,1
DA:47,1
DA:48,1
DA:49,1
DA:50,1
DA:51,1
DA:52,1
DA:53,1
DA:54,1
DA:55,1
DA:56,1
DA:57,1
DA:58,1
DA:59,1
DA:61,1
DA:62,5
DA:63,5
LF:51
LH:51
BRDA:10,0,0,5
BRDA:35,1,0,1
BRF:2
BRH:2
end_of_record
TN:
SF:src\routes\login.ts
FN:9,loginRoute
FNF:1
FNH:1
FNDA:5,loginRoute
DA:1,1
DA:9,1
DA:10,5
DA:11,5
DA:12,5
DA:13,5
DA:14,5
DA:15,5
DA:16,5
DA:17,5
DA:18,5
DA:19,5
DA:20,5
DA:21,5
DA:22,5
DA:23,5
DA:24,5
DA:25,3
DA:27,3
DA:28,3
DA:29,3
DA:30,3
DA:32,3
DA:33,1
DA:34,1
DA:36,2
DA:38,2
DA:40,3
DA:41,1
DA:42,1
DA:44,3
DA:45,0
DA:46,0
DA:48,1
DA:50,1
DA:51,5
DA:52,5
LF:37
LH:35
BRDA:9,0,0,5
BRDA:24,1,0,3
BRDA:32,2,0,1
BRDA:34,3,0,2
BRDA:40,4,0,1
BRDA:44,5,0,0
BRDA:46,6,0,1
BRF:7
BRH:6
end_of_record
TN:
SF:src\routes\hooks\check-request-jwt.ts
FN:9,checkRequestJWT
FNF:1
FNH:1
FNDA:4,checkRequestJWT
DA:1,1
DA:9,4
DA:10,4
DA:12,4
DA:13,0
DA:14,0
DA:16,4
DA:17,0
DA:18,0
DA:20,4
DA:21,4
DA:23,4
DA:25,4
DA:26,0
DA:27,0
DA:28,4
LF:16
LH:10
BRDA:9,0,0,4
BRDA:12,1,0,0
BRDA:16,2,0,0
BRDA:25,3,0,0
BRF:4
BRH:1
end_of_record
TN:
SF:src\routes\hooks\check-user-role.ts
FN:4,checkUserRole
FNF:1
FNH:1
FNDA:10,checkUserRole
DA:1,1
DA:4,1
DA:5,10
DA:6,2
DA:8,2
DA:9,0
DA:10,0
DA:11,2
DA:12,10
LF:9
LH:7
BRDA:4,0,0,10
BRDA:5,1,0,2
BRDA:8,2,0,0
BRF:3
BRH:2
end_of_record
TN:
SF:src\tests\create-course.test.ts
FNF:0
FNH:0
DA:1,1
DA:2,1
DA:3,1
DA:4,1
DA:5,1
DA:7,1
DA:8,1
DA:10,1
DA:12,1
DA:13,1
DA:14,1
DA:15,1
DA:16,1
DA:18,1
DA:19,1
DA:20,1
DA:21,1
DA:22,1
LF:18
LH:18
BRDA:7,0,0,1
BRF:1
BRH:1
end_of_record
TN:
SF:src\tests\delete-course.test.ts
FNF:0
FNH:0
DA:1,1
DA:2,1
DA:3,1
DA:4,1
DA:6,1
DA:7,1
DA:9,1
DA:11,1
DA:12,1
DA:14,1
DA:15,1
DA:16,1
DA:17,1
DA:18,1
DA:19,1
DA:20,1
DA:21,1
DA:22,1
DA:24,1
DA:25,1
DA:27,1
DA:28,1
DA:30,1
DA:31,1
LF:24
LH:24
BRDA:6,0,0,1
BRDA:24,1,0,1
BRF:2
BRH:2
end_of_record
TN:
SF:src\tests\get-course-by-id.test.ts
FNF:0
FNH:0
DA:1,1
DA:2,1
DA:3,1
DA:4,1
DA:5,1
DA:7,1
DA:8,1
DA:10,1
DA:11,1
DA:13,1
DA:14,1
DA:15,1
DA:17,1
DA:18,1
DA:19,1
DA:20,1
DA:21,1
DA:22,1
DA:23,1
DA:24,1
DA:25,1
DA:27,1
DA:28,1
DA:30,1
DA:32,1
DA:33,1
DA:34,1
DA:36,1
DA:37,1
LF:29
LH:29
BRDA:7,0,0,1
BRDA:27,1,0,1
BRF:2
BRH:2
end_of_record
TN:
SF:src\tests\get-courses.test.ts
FNF:0
FNH:0
DA:1,1
DA:2,1
DA:3,1
DA:4,1
DA:5,1
DA:6,1
DA:7,1
DA:10,1
DA:11,1
DA:13,1
DA:15,1
DA:17,1
DA:18,1
DA:20,1
DA:21,1
DA:22,1
DA:24,1
DA:25,1
DA:26,1
DA:27,1
DA:28,1
DA:29,1
DA:30,1
DA:31,1
DA:32,1
DA:33,1
DA:34,1
DA:35,1
LF:28
LH:28
BRDA:10,0,0,1
BRF:1
BRH:1
end_of_record
TN:
SF:src\tests\login.test.ts
FNF:0
FNH:0
DA:1,1
DA:2,1
DA:3,1
DA:4,1
DA:5,1
DA:7,1
DA:8,1
DA:10,1
DA:12,1
DA:13,0
DA:14,0
DA:16,1
DA:18,1
DA:19,1
DA:20,1
DA:21,1
DA:22,1
DA:23,1
DA:24,1
DA:26,1
DA:27,1
DA:28,1
DA:30,1
DA:31,1
DA:33,1
DA:35,1
DA:36,1
DA:37,1
DA:38,1
DA:39,1
DA:40,1
DA:41,1
DA:43,1
DA:44,1
DA:46,1
DA:47,1
DA:49,1
DA:51,1
DA:52,1
DA:53,1
DA:54,1
DA:55,1
DA:56,1
DA:57,1
DA:59,1
DA:60,1
LF:46
LH:44
BRDA:7,0,0,1
BRDA:12,1,0,0
BRDA:30,2,0,1
BRDA:46,3,0,1
BRF:4
BRH:3
end_of_record
TN:
SF:src\tests\factories\make-course.ts
FN:5,makeCourse
FNF:1
FNH:1
FNDA:3,makeCourse
DA:1,1
DA:5,3
DA:6,3
DA:7,3
DA:8,3
DA:10,3
DA:11,3
LF:7
LH:7
BRDA:5,0,0,3
BRDA:7,1,0,2
BRF:2
BRH:2
end_of_record
TN:
SF:src\tests\factories\make-enrollments.ts
FN:6,makeEnrollment
FNF:1
FNH:1
FNDA:1,makeEnrollment
DA:1,1
DA:6,1
DA:7,1
DA:9,1
DA:11,1
DA:12,1
DA:13,1
DA:15,1
DA:16,1
LF:9
LH:9
BRDA:6,0,0,1
BRDA:9,1,0,0
BRF:2
BRH:1
end_of_record
TN:
SF:src\tests\factories\make-user.ts
FN:8,makeUser
FN:24,makeAuthenticatedUser
FNF:2
FNH:2
FNDA:8,makeUser
FNDA:4,makeAuthenticatedUser
DA:1,1
DA:8,8
DA:9,8
DA:11,8
DA:12,8
DA:13,8
DA:14,8
DA:15,8
DA:16,8
DA:18,8
DA:19,8
DA:20,8
DA:21,8
DA:22,8
DA:24,4
DA:25,4
DA:27,4
DA:28,0
DA:29,0
DA:31,4
DA:33,4
DA:34,4
LF:22
LH:20
BRDA:8,0,0,8
BRDA:24,1,0,4
BRDA:27,2,0,0
BRF:3
BRH:2
end_of_record
TN:
SF:src\utils\get-authenticated-user-from-request.ts
FN:3,getAuthenticatedUserFromRequest
FNF:1
FNH:1
FNDA:4,getAuthenticatedUserFromRequest
DA:3,1
DA:4,4
DA:6,4
DA:7,0
DA:8,0
DA:10,4
DA:11,4
LF:7
LH:5
BRDA:3,0,0,4
BRDA:6,1,0,0
BRF:2
BRH:1
end_of_record
